<?xml version="1.0" encoding="UTF-8"?>
<!-- Generated by org.testng.reporters.JUnitXMLReporter -->
<testsuite ignored="0" hostname="DESKTOP-1TR0GEM" failures="0" tests="4" name="Test" time="0.238" errors="0" timestamp="2021-09-26T07:40:28 CEST">
  <testcase classname="rahulshettyacademy.Mavenjavanew.SeleniumTest2" name="BrowserAutomation" time="0.032"/>
  <testcase classname="rahulshettyacademy.Mavenjavanew.SeleniumTest2" name="elementsUI" time="0.007"/>
  <testcase classname="rahulshettyacademy.Mavenjavanew.SeleniumTest" name="BrowserAutomation" time="0.005"/>
  <testcase classname="rahulshettyacademy.Mavenjavanew.SeleniumTest" name="elementsUI" time="0.004"/>
</testsuite> <!-- Test -->
