<?xml version="1.0" encoding="UTF-8"?>
<!-- Generated by org.testng.reporters.JUnitXMLReporter -->
<testsuite ignored="0" hostname="DESKTOP-1TR0GEM" failures="0" tests="6" name="Command line test" time="0.227" errors="0" timestamp="2021-11-14T06:33:42 CET">
  <testcase classname="rahulshettyacademy.Mavenjavanew.AppiumTest" name="IOSAppsTest" time="0.023"/>
  <testcase classname="rahulshettyacademy.Mavenjavanew.AppiumTest" name="NativeAppAndriodTest" time="0.0"/>
  <testcase classname="rahulshettyacademy.Mavenjavanew.RESTAPITest" name="deleteTwitterTest" time="0.001"/>
  <testcase classname="rahulshettyacademy.Mavenjavanew.RESTAPITest" name="postJiraTest" time="0.001"/>
  <testcase classname="rahulshettyacademy.Mavenjavanew.SeleniumTest" name="BrowserAutomationTest" time="0.001"/>
  <testcase classname="rahulshettyacademy.Mavenjavanew.SeleniumTest" name="elementsUITest" time="0.001"/>
</testsuite> <!-- Command line test -->
