<?xml version="1.0" encoding="UTF-8"?>
<testng-results ignored="0" total="6" passed="6" failed="0" skipped="0">
  <reporter-output>
  </reporter-output>
  <suite started-at="2021-11-14T06:33:42 CET" name="Command line suite" finished-at="2021-11-14T06:33:42 CET" duration-ms="227">
    <groups>
    </groups>
    <test started-at="2021-11-14T06:33:42 CET" name="Command line test" finished-at="2021-11-14T06:33:42 CET" duration-ms="227">
      <class name="rahulshettyacademy.Mavenjavanew.AppiumTest">
        <test-method signature="IOSAppsTest()[pri:0, instance:rahulshettyacademy.Mavenjavanew.AppiumTest@aecb35a]" started-at="2021-11-14T06:33:42 CET" name="IOSAppsTest" finished-at="2021-11-14T06:33:42 CET" duration-ms="23" status="PASS">
          <reporter-output>
          </reporter-output>
        </test-method> <!-- IOSAppsTest -->
        <test-method signature="NativeAppAndriodTest()[pri:0, instance:rahulshettyacademy.Mavenjavanew.AppiumTest@aecb35a]" started-at="2021-11-14T06:33:42 CET" name="NativeAppAndriodTest" finished-at="2021-11-14T06:33:42 CET" duration-ms="0" status="PASS">
          <reporter-output>
          </reporter-output>
        </test-method> <!-- NativeAppAndriodTest -->
      </class> <!-- rahulshettyacademy.Mavenjavanew.AppiumTest -->
      <class name="rahulshettyacademy.Mavenjavanew.RESTAPITest">
        <test-method signature="deleteTwitterTest()[pri:0, instance:rahulshettyacademy.Mavenjavanew.RESTAPITest@57f23557]" started-at="2021-11-14T06:33:42 CET" name="deleteTwitterTest" finished-at="2021-11-14T06:33:42 CET" duration-ms="1" status="PASS">
          <reporter-output>
          </reporter-output>
        </test-method> <!-- deleteTwitterTest -->
        <test-method signature="postJiraTest()[pri:0, instance:rahulshettyacademy.Mavenjavanew.RESTAPITest@57f23557]" started-at="2021-11-14T06:33:42 CET" name="postJiraTest" finished-at="2021-11-14T06:33:42 CET" duration-ms="1" status="PASS">
          <reporter-output>
          </reporter-output>
        </test-method> <!-- postJiraTest -->
      </class> <!-- rahulshettyacademy.Mavenjavanew.RESTAPITest -->
      <class name="rahulshettyacademy.Mavenjavanew.SeleniumTest">
        <test-method signature="BrowserAutomationTest()[pri:0, instance:rahulshettyacademy.Mavenjavanew.SeleniumTest@3d0f8e03]" started-at="2021-11-14T06:33:42 CET" name="BrowserAutomationTest" finished-at="2021-11-14T06:33:42 CET" duration-ms="1" status="PASS">
          <reporter-output>
          </reporter-output>
        </test-method> <!-- BrowserAutomationTest -->
        <test-method signature="elementsUITest()[pri:0, instance:rahulshettyacademy.Mavenjavanew.SeleniumTest@3d0f8e03]" started-at="2021-11-14T06:33:42 CET" name="elementsUITest" finished-at="2021-11-14T06:33:42 CET" duration-ms="1" status="PASS">
          <reporter-output>
          </reporter-output>
        </test-method> <!-- elementsUITest -->
      </class> <!-- rahulshettyacademy.Mavenjavanew.SeleniumTest -->
    </test> <!-- Command line test -->
  </suite> <!-- Command line suite -->
</testng-results>
