<?xml version="1.0" encoding="UTF-8" ?>
<testsuite tests="6" failures="0" name="TestSuite" time="0.033" errors="0" skipped="0">
  <properties>
[...]
</properties>
  <testcase classname="rahulshettyacademy.Mavenjavanew.AppiumTest" name="IOSAppsTest" time="0.028"/>
  <testcase classname="rahulshettyacademy.Mavenjavanew.AppiumTest" name="NativeAppAndriodTest" time="0"/>
  <testcase classname="rahulshettyacademy.Mavenjavanew.RESTAPITest" name="deleteTwitterTest" time="0.002"/>
  <testcase classname="rahulshettyacademy.Mavenjavanew.RESTAPITest" name="postJiraTest" time="0.001"/>
  <testcase classname="rahulshettyacademy.Mavenjavanew.SeleniumTest" name="BrowserAutomationTest" time="0.001"/>
  <testcase classname="rahulshettyacademy.Mavenjavanew.SeleniumTest" name="elementsUITest" time="0.001"/>
</testsuite>