<?xml version="1.0" encoding="UTF-8"?>
<testng-results ignored="0" total="4" passed="4" failed="0" skipped="0">
  <reporter-output>
  </reporter-output>
  <suite started-at="2021-09-26T07:40:27 CEST" name="Suite" finished-at="2021-09-26T07:40:27 CEST" duration-ms="238">
    <groups>
    </groups>
    <test started-at="2021-09-26T07:40:27 CEST" name="Test" finished-at="2021-09-26T07:40:27 CEST" duration-ms="238">
      <class name="rahulshettyacademy.Mavenjavanew.SeleniumTest">
        <test-method signature="BrowserAutomation()[pri:0, instance:rahulshettyacademy.Mavenjavanew.SeleniumTest@6e4784bc]" started-at="2021-09-26T07:40:27 CEST" name="BrowserAutomation" finished-at="2021-09-26T07:40:27 CEST" duration-ms="5" status="PASS">
          <reporter-output>
          </reporter-output>
        </test-method> <!-- BrowserAutomation -->
        <test-method signature="elementsUI()[pri:0, instance:rahulshettyacademy.Mavenjavanew.SeleniumTest@6e4784bc]" started-at="2021-09-26T07:40:27 CEST" name="elementsUI" finished-at="2021-09-26T07:40:27 CEST" duration-ms="4" status="PASS">
          <reporter-output>
          </reporter-output>
        </test-method> <!-- elementsUI -->
      </class> <!-- rahulshettyacademy.Mavenjavanew.SeleniumTest -->
      <class name="rahulshettyacademy.Mavenjavanew.SeleniumTest2">
        <test-method signature="BrowserAutomation()[pri:0, instance:rahulshettyacademy.Mavenjavanew.SeleniumTest2@48e4374]" started-at="2021-09-26T07:40:27 CEST" name="BrowserAutomation" finished-at="2021-09-26T07:40:27 CEST" duration-ms="32" status="PASS">
          <reporter-output>
          </reporter-output>
        </test-method> <!-- BrowserAutomation -->
        <test-method signature="elementsUI()[pri:0, instance:rahulshettyacademy.Mavenjavanew.SeleniumTest2@48e4374]" started-at="2021-09-26T07:40:27 CEST" name="elementsUI" finished-at="2021-09-26T07:40:27 CEST" duration-ms="7" status="PASS">
          <reporter-output>
          </reporter-output>
        </test-method> <!-- elementsUI -->
      </class> <!-- rahulshettyacademy.Mavenjavanew.SeleniumTest2 -->
    </test> <!-- Test -->
  </suite> <!-- Suite -->
</testng-results>
